2023-11-09 20:14:14,014 [INFO] Activator:176 - 


2023-11-09 20:14:14,024 [INFO] Activator:177 - !SESSION log4j initialized
2023-11-09 20:14:19,996 [INFO] LogOutputStream:77 - [STDOUT_REDIRECT] 
2023-11-09 20:14:21,381 [INFO] ApplicationProperties:184 - Using Application install path: C:\ST\STM32CubeIDE_1.13.2\STM32CubeIDE\plugins\com.st.stm32cube.common.mx_6.9.2.202309101412
2023-11-09 20:14:21,407 [INFO] DbMcusXml:78 - Set database path to: C:\ST\STM32CubeIDE_1.13.2\STM32CubeIDE\plugins\com.st.stm32cube.common.mx_6.9.2.202309101412\\db\/mcu/
2023-11-09 20:14:21,408 [INFO] ApiDb:274 - Set plugin database path to: C:\ST\STM32CubeIDE_1.13.2\STM32CubeIDE\plugins\com.st.stm32cube.common.mx_6.9.2.202309101412\\db\/plugins/boardmanager/
2023-11-09 20:14:21,408 [WARN] ApiDb:259 - Overriding images path with different value:  => C:\ST\STM32CubeIDE_1.13.2\STM32CubeIDE\plugins\com.st.stm32cube.common.mx_6.9.2.202309101412\\db\/plugins/mcufinder/images/
2023-11-09 20:14:21,418 [INFO] ApiDb:250 - Set database path to: C:\Users\Jakub\.stmcufinder\plugins\mcufinder//mcu/
2023-11-09 20:14:21,419 [INFO] DbMcusAds:125 - Set database path to: C:\Users\Jakub\.stmcufinder\plugins\mcufinder//mcu/
2023-11-09 20:14:21,424 [INFO] CrossReferenceDbSqlite:203 - Set database path to: C:\Users\Jakub\.stmcufinder\plugins\mcufinder//mcu/cs/
2023-11-09 20:14:21,551 [INFO] RulesReader:64 - Compatibility file has been processed (293 Rules)
2023-11-09 20:14:21,644 [INFO] DbMcusXml:78 - Set database path to: C:\ST\STM32CubeIDE_1.13.2\STM32CubeIDE\plugins\com.st.stm32cube.common.mx_6.9.2.202309101412\\db\/mcu/
2023-11-09 20:14:21,644 [INFO] ApiDb:274 - Set plugin database path to: C:\ST\STM32CubeIDE_1.13.2\STM32CubeIDE\plugins\com.st.stm32cube.common.mx_6.9.2.202309101412\\db\/plugins/boardmanager/
2023-11-09 20:14:21,644 [INFO] ApiDb:261 - Set plugin images path to: C:\ST\STM32CubeIDE_1.13.2\STM32CubeIDE\plugins\com.st.stm32cube.common.mx_6.9.2.202309101412\\db\/plugins/mcufinder/images/
2023-11-09 20:14:21,645 [WARN] DbFile:41 - Overriding database path with different value: C:\Users\Jakub\.stmcufinder\plugins\mcufinder/ => C:\Users\Jakub\.stmcufinder\plugins\mcufinder
2023-11-09 20:14:21,645 [INFO] ApiDb:250 - Set database path to: C:\Users\Jakub\.stmcufinder\plugins\mcufinder//mcu/
2023-11-09 20:14:21,645 [WARN] DbFile:41 - Overriding database path with different value: C:\Users\Jakub\.stmcufinder\plugins\mcufinder/ => C:\Users\Jakub\.stmcufinder\plugins\mcufinder
2023-11-09 20:14:21,645 [INFO] DbMcusAds:125 - Set database path to: C:\Users\Jakub\.stmcufinder\plugins\mcufinder//mcu/
2023-11-09 20:14:21,645 [WARN] DbFile:41 - Overriding database path with different value: C:\Users\Jakub\.stmcufinder\plugins\mcufinder/ => C:\Users\Jakub\.stmcufinder\plugins\mcufinder
2023-11-09 20:14:21,645 [WARN] DbFile:41 - Overriding database path with different value: C:\Users\Jakub\.stmcufinder\plugins\mcufinder/ => C:\Users\Jakub\.stmcufinder\plugins\mcufinder
2023-11-09 20:14:21,645 [INFO] CrossReferenceDbSqlite:203 - Set database path to: C:\Users\Jakub\.stmcufinder\plugins\mcufinder//mcu/cs/
2023-11-09 20:14:21,731 [INFO] MainPanel:262 - HeapMemory: 268435456
2023-11-09 20:14:21,855 [INFO] DbMcusXml:78 - Set database path to: C:\ST\STM32CubeIDE_1.13.2\STM32CubeIDE\plugins\com.st.stm32cube.common.mx_6.9.2.202309101412\\db\/mcu/
2023-11-09 20:14:21,856 [INFO] ApiDb:274 - Set plugin database path to: C:\ST\STM32CubeIDE_1.13.2\STM32CubeIDE\plugins\com.st.stm32cube.common.mx_6.9.2.202309101412\\db\/plugins/boardmanager/
2023-11-09 20:14:21,856 [INFO] ApiDb:261 - Set plugin images path to: C:\ST\STM32CubeIDE_1.13.2\STM32CubeIDE\plugins\com.st.stm32cube.common.mx_6.9.2.202309101412\\db\/plugins/mcufinder/images/
2023-11-09 20:14:21,857 [WARN] DbFile:41 - Overriding database path with different value: C:\Users\Jakub\.stmcufinder\plugins\mcufinder/ => C:\Users\Jakub\.stmcufinder\plugins\mcufinder
2023-11-09 20:14:21,857 [INFO] ApiDb:250 - Set database path to: C:\Users\Jakub\.stmcufinder\plugins\mcufinder//mcu/
2023-11-09 20:14:21,857 [WARN] DbFile:41 - Overriding database path with different value: C:\Users\Jakub\.stmcufinder\plugins\mcufinder/ => C:\Users\Jakub\.stmcufinder\plugins\mcufinder
2023-11-09 20:14:21,858 [INFO] DbMcusAds:125 - Set database path to: C:\Users\Jakub\.stmcufinder\plugins\mcufinder//mcu/
2023-11-09 20:14:21,858 [WARN] DbFile:41 - Overriding database path with different value: C:\Users\Jakub\.stmcufinder\plugins\mcufinder/ => C:\Users\Jakub\.stmcufinder\plugins\mcufinder
2023-11-09 20:14:21,858 [WARN] DbFile:41 - Overriding database path with different value: C:\Users\Jakub\.stmcufinder\plugins\mcufinder/ => C:\Users\Jakub\.stmcufinder\plugins\mcufinder
2023-11-09 20:14:21,858 [INFO] CrossReferenceDbSqlite:203 - Set database path to: C:\Users\Jakub\.stmcufinder\plugins\mcufinder//mcu/cs/
2023-11-09 20:14:21,883 [INFO] ApplicationProperties:184 - Using Application install path: C:\ST\STM32CubeIDE_1.13.2\STM32CubeIDE\plugins\com.st.stm32cube.common.mx_6.9.2.202309101412
2023-11-09 20:14:21,884 [INFO] PluginManage:196 - Search for loadable plugins [exclusion list=, ]
2023-11-09 20:14:21,885 [INFO] PluginManage:310 - Check plugin analytics
2023-11-09 20:14:22,161 [INFO] AnalyticsPlugin:253 - Accepted Software Licenses: 
2023-11-09 20:14:22,162 [INFO] AnalyticsPlugin:255 - Accepted CMSIS Pack Licenses: 
2023-11-09 20:14:22,162 [INFO] AnalyticsPlugin:257 - Accepted Firmware Licenses: FW.F4.1.27.0
2023-11-09 20:14:22,164 [INFO] PluginManage:359 - Loaded plugin analytics (category:tool,tabindex:-1)
2023-11-09 20:14:22,165 [INFO] PluginManage:310 - Check plugin cadmodel
2023-11-09 20:14:22,181 [INFO] CADModel:105 - Init CAD model plugin
2023-11-09 20:14:22,182 [INFO] PluginManage:359 - Loaded plugin cadmodel (category:power,tabindex:5)
2023-11-09 20:14:22,183 [INFO] PluginManage:310 - Check plugin clock
2023-11-09 20:14:22,214 [INFO] PluginManage:359 - Loaded plugin clock (category:base,tabindex:2)
2023-11-09 20:14:22,214 [INFO] PluginManage:310 - Check plugin ddr
2023-11-09 20:14:22,217 [INFO] PluginManage:359 - Loaded plugin ddr (category:tool,tabindex:6)
2023-11-09 20:14:22,217 [INFO] PluginManage:310 - Check plugin filemanager
2023-11-09 20:14:22,393 [INFO] PluginManage:359 - Loaded plugin filemanager (category:base,tabindex:10)
2023-11-09 20:14:22,394 [INFO] PluginManage:310 - Check plugin ipmanager
2023-11-09 20:14:22,402 [INFO] PluginManage:359 - Loaded plugin ipmanager (category:base,tabindex:5)
2023-11-09 20:14:22,402 [INFO] PluginManage:310 - Check plugin lpbam
2023-11-09 20:14:22,421 [INFO] PluginManage:359 - Loaded plugin lpbam (category:base,tabindex:0)
2023-11-09 20:14:22,422 [INFO] PluginManage:310 - Check plugin memorymap
2023-11-09 20:14:22,447 [INFO] PluginManage:359 - Loaded plugin memorymap (category:base,tabindex:4)
2023-11-09 20:14:22,447 [INFO] PluginManage:310 - Check plugin pinoutandconfiguration
2023-11-09 20:14:22,465 [INFO] PluginManage:359 - Loaded plugin pinoutandconfiguration (category:base,tabindex:1)
2023-11-09 20:14:22,465 [INFO] PluginManage:310 - Check plugin pinoutconfig
2023-11-09 20:14:22,576 [WARN] SupportedApi:132 - Cannot load RTOS API schema: s4s-elt-must-match.1: The content of 'definitions' must match (annotation?, (simpleType | complexType)?, (unique | key | keyref)*)). A problem was found starting at: attribute.
2023-11-09 20:14:22,742 [INFO] PluginManage:359 - Loaded plugin pinoutconfig (category:base,tabindex:0)
2023-11-09 20:14:22,743 [INFO] PluginManage:310 - Check plugin power
2023-11-09 20:14:22,767 [INFO] PluginManage:359 - Loaded plugin power (category:power,tabindex:4)
2023-11-09 20:14:22,767 [INFO] PluginManage:310 - Check plugin projectmanager
2023-11-09 20:14:22,784 [INFO] PluginManage:359 - Loaded plugin projectmanager (category:projectmanager,tabindex:3)
2023-11-09 20:14:22,784 [INFO] PluginManage:310 - Check plugin thirdparty
2023-11-09 20:14:23,092 [INFO] PluginManage:359 - Loaded plugin thirdparty (category:base,tabindex:-1)
2023-11-09 20:14:23,092 [WARN] IntegrityCheckThread:84 - waiting for thirdparty lock release [integrity check]
2023-11-09 20:14:23,092 [INFO] PluginManage:310 - Check plugin tools
2023-11-09 20:14:23,092 [INFO] IntegrityCheckThread:86 - entering critical section [integrity check]
2023-11-09 20:14:23,093 [INFO] ThirdPartyUpdaterWithRetryManager:70 - Updater plugin not ready yet. [1/15]
2023-11-09 20:14:23,128 [INFO] PluginManage:359 - Loaded plugin tools (category:base,tabindex:7)
2023-11-09 20:14:23,128 [INFO] PluginManage:310 - Check plugin tutovideos
2023-11-09 20:14:23,359 [INFO] PluginManage:359 - Loaded plugin tutovideos (category:base,tabindex:-1)
2023-11-09 20:14:23,359 [INFO] PluginManage:310 - Check plugin updater
2023-11-09 20:14:23,375 [INFO] PluginManage:359 - Loaded plugin updater (category:base,tabindex:12)
2023-11-09 20:14:23,375 [INFO] PluginManage:310 - Check plugin userauth
2023-11-09 20:14:23,382 [INFO] UserAuth:113 - Init User Auth plugin
2023-11-09 20:14:23,382 [INFO] PluginManage:359 - Loaded plugin userauth (category:base,tabindex:14)
2023-11-09 20:14:23,383 [INFO] PluginManage:283 - PluginManage : Loaded plugins [17]
2023-11-09 20:14:23,666 [INFO] PinOutPanel:1499 - setPackage(No Configuration,No Configuration)
2023-11-09 20:14:23,828 [INFO] CADModel:165 - CPN selected for project level
2023-11-09 20:14:23,828 [INFO] CADModel:114 - Register for checkConnection events
2023-11-09 20:14:23,867 [INFO] IPUIPlugin:80 - create IPUIPlugin
2023-11-09 20:14:23,867 [INFO] PluginManager:220 - loadIPPluginJar : add adc
2023-11-09 20:14:23,916 [INFO] IPUIPlugin:80 - create IPUIPlugin
2023-11-09 20:14:23,916 [INFO] PluginManager:220 - loadIPPluginJar : add aes
2023-11-09 20:14:23,966 [INFO] IPUIPlugin:80 - create IPUIPlugin
2023-11-09 20:14:23,966 [INFO] PluginManager:220 - loadIPPluginJar : add can
2023-11-09 20:14:23,997 [INFO] IPUIPlugin:80 - create IPUIPlugin
2023-11-09 20:14:23,998 [INFO] PluginManager:220 - loadIPPluginJar : add comp
2023-11-09 20:14:24,036 [INFO] IPUIPlugin:80 - create IPUIPlugin
2023-11-09 20:14:24,036 [INFO] PluginManager:220 - loadIPPluginJar : add cryp
2023-11-09 20:14:24,077 [INFO] IPUIPlugin:80 - create IPUIPlugin
2023-11-09 20:14:24,077 [INFO] PluginManager:220 - loadIPPluginJar : add dfsdm
2023-11-09 20:14:24,093 [INFO] IPUIPlugin:80 - create IPUIPlugin
2023-11-09 20:14:24,093 [INFO] PluginManager:220 - loadIPPluginJar : add dma
2023-11-09 20:14:24,142 [INFO] IPUIPlugin:80 - create IPUIPlugin
2023-11-09 20:14:24,142 [INFO] PluginManager:220 - loadIPPluginJar : add dma3
2023-11-09 20:14:24,161 [INFO] IPUIPlugin:80 - create IPUIPlugin
2023-11-09 20:14:24,161 [INFO] PluginManager:220 - loadIPPluginJar : add fatfs
2023-11-09 20:14:24,211 [INFO] IPUIPlugin:80 - create IPUIPlugin
2023-11-09 20:14:24,211 [INFO] PluginManager:220 - loadIPPluginJar : add fmc
2023-11-09 20:14:24,228 [INFO] IPUIPlugin:80 - create IPUIPlugin
2023-11-09 20:14:24,228 [INFO] PluginManager:220 - loadIPPluginJar : add freertos
2023-11-09 20:14:24,251 [INFO] IPUIPlugin:80 - create IPUIPlugin
2023-11-09 20:14:24,251 [INFO] PluginManager:220 - loadIPPluginJar : add genericplugin
2023-11-09 20:14:24,348 [INFO] IPUIPlugin:80 - create IPUIPlugin
2023-11-09 20:14:24,348 [INFO] PluginManager:220 - loadIPPluginJar : add gfxmmu
2023-11-09 20:14:24,497 [INFO] IPUIPlugin:80 - create IPUIPlugin
2023-11-09 20:14:24,497 [INFO] PluginManager:220 - loadIPPluginJar : add gic
2023-11-09 20:14:24,513 [INFO] IPUIPlugin:80 - create IPUIPlugin
2023-11-09 20:14:24,513 [INFO] PluginManager:220 - loadIPPluginJar : add gpio
2023-11-09 20:14:24,611 [INFO] IPUIPlugin:80 - create IPUIPlugin
2023-11-09 20:14:24,611 [INFO] PluginManager:220 - loadIPPluginJar : add gtzc
2023-11-09 20:14:24,650 [INFO] IPUIPlugin:80 - create IPUIPlugin
2023-11-09 20:14:24,650 [INFO] PluginManager:220 - loadIPPluginJar : add hash
2023-11-09 20:14:24,707 [INFO] IPUIPlugin:80 - create IPUIPlugin
2023-11-09 20:14:24,707 [INFO] PluginManager:220 - loadIPPluginJar : add i2c
2023-11-09 20:14:24,746 [INFO] IPUIPlugin:80 - create IPUIPlugin
2023-11-09 20:14:24,746 [INFO] PluginManager:220 - loadIPPluginJar : add i2s
2023-11-09 20:14:24,793 [INFO] IPUIPlugin:80 - create IPUIPlugin
2023-11-09 20:14:24,793 [INFO] PluginManager:220 - loadIPPluginJar : add i3c
2023-11-09 20:14:24,899 [INFO] IPUIPlugin:80 - create IPUIPlugin
2023-11-09 20:14:24,899 [INFO] PluginManager:220 - loadIPPluginJar : add ipddr
2023-11-09 20:14:25,007 [INFO] IPUIPlugin:80 - create IPUIPlugin
2023-11-09 20:14:25,008 [INFO] PluginManager:220 - loadIPPluginJar : add linkedlist
2023-11-09 20:14:25,050 [INFO] IPUIPlugin:80 - create IPUIPlugin
2023-11-09 20:14:25,050 [INFO] PluginManager:220 - loadIPPluginJar : add lorawan
2023-11-09 20:14:25,094 [INFO] IPUIPlugin:80 - create IPUIPlugin
2023-11-09 20:14:25,094 [INFO] PluginManager:220 - loadIPPluginJar : add ltdc
2023-11-09 20:14:25,112 [INFO] IPUIPlugin:80 - create IPUIPlugin
2023-11-09 20:14:25,112 [INFO] PluginManager:220 - loadIPPluginJar : add mdma
2023-11-09 20:14:25,127 [INFO] IPUIPlugin:80 - create IPUIPlugin
2023-11-09 20:14:25,128 [INFO] PluginManager:220 - loadIPPluginJar : add nvic
2023-11-09 20:14:25,167 [INFO] IPUIPlugin:80 - create IPUIPlugin
2023-11-09 20:14:25,167 [INFO] PluginManager:220 - loadIPPluginJar : add opamp
2023-11-09 20:14:25,235 [INFO] IPUIPlugin:80 - create IPUIPlugin
2023-11-09 20:14:25,235 [INFO] PluginManager:220 - loadIPPluginJar : add openamp
2023-11-09 20:14:25,281 [INFO] IPUIPlugin:80 - create IPUIPlugin
2023-11-09 20:14:25,281 [INFO] PluginManager:220 - loadIPPluginJar : add pdm2pcm
2023-11-09 20:14:25,299 [INFO] IPUIPlugin:80 - create IPUIPlugin
2023-11-09 20:14:25,301 [INFO] PluginManager:220 - loadIPPluginJar : add plateformsettings
2023-11-09 20:14:25,323 [INFO] IPUIPlugin:80 - create IPUIPlugin
2023-11-09 20:14:25,323 [INFO] PluginManager:220 - loadIPPluginJar : add quadspi
2023-11-09 20:14:25,335 [INFO] IPUIPlugin:80 - create IPUIPlugin
2023-11-09 20:14:25,335 [INFO] PluginManager:220 - loadIPPluginJar : add resmgrutility
2023-11-09 20:14:25,385 [INFO] IPUIPlugin:80 - create IPUIPlugin
2023-11-09 20:14:25,385 [INFO] PluginManager:220 - loadIPPluginJar : add sai
2023-11-09 20:14:25,432 [INFO] IPUIPlugin:80 - create IPUIPlugin
2023-11-09 20:14:25,432 [INFO] PluginManager:220 - loadIPPluginJar : add spi
2023-11-09 20:14:25,491 [INFO] IPUIPlugin:80 - create IPUIPlugin
2023-11-09 20:14:25,492 [INFO] PluginManager:220 - loadIPPluginJar : add stm32_wpan
2023-11-09 20:14:25,517 [INFO] IPUIPlugin:80 - create IPUIPlugin
2023-11-09 20:14:25,518 [INFO] PluginManager:220 - loadIPPluginJar : add tim
2023-11-09 20:14:25,576 [INFO] IPUIPlugin:80 - create IPUIPlugin
2023-11-09 20:14:25,576 [INFO] PluginManager:220 - loadIPPluginJar : add touchsensing
2023-11-09 20:14:25,599 [INFO] IPUIPlugin:80 - create IPUIPlugin
2023-11-09 20:14:25,600 [INFO] PluginManager:220 - loadIPPluginJar : add tracer_emb
2023-11-09 20:14:25,625 [INFO] IPUIPlugin:80 - create IPUIPlugin
2023-11-09 20:14:25,625 [INFO] PluginManager:220 - loadIPPluginJar : add ts
2023-11-09 20:14:25,647 [INFO] IPUIPlugin:80 - create IPUIPlugin
2023-11-09 20:14:25,647 [INFO] PluginManager:220 - loadIPPluginJar : add tsc
2023-11-09 20:14:25,669 [INFO] IPUIPlugin:80 - create IPUIPlugin
2023-11-09 20:14:25,669 [INFO] PluginManager:220 - loadIPPluginJar : add ucpd
2023-11-09 20:14:25,717 [INFO] IPUIPlugin:80 - create IPUIPlugin
2023-11-09 20:14:25,717 [INFO] PluginManager:220 - loadIPPluginJar : add usart
2023-11-09 20:14:25,767 [INFO] IPUIPlugin:80 - create IPUIPlugin
2023-11-09 20:14:25,767 [INFO] PluginManager:220 - loadIPPluginJar : add usbx
2023-11-09 20:14:25,897 [INFO] CADModel:165 - CPN selected for project level
2023-11-09 20:14:25,897 [INFO] CADModel:114 - Register for checkConnection events
2023-11-09 20:14:25,898 [FATAL] Updater:308 - Updater called before beeing initialized
2023-11-09 20:14:25,898 [ERROR] CADModel:125 - Updater not yet initialized, retry later 
2023-11-09 20:14:26,091 [INFO] CADModel:165 - CPN selected for project level
2023-11-09 20:14:26,091 [INFO] CADModel:114 - Register for checkConnection events
2023-11-09 20:14:26,092 [FATAL] Updater:308 - Updater called before beeing initialized
2023-11-09 20:14:26,092 [ERROR] CADModel:125 - Updater not yet initialized, retry later 
2023-11-09 20:14:26,096 [INFO] ThirdPartyUpdaterWithRetryManager:70 - Updater plugin not ready yet. [2/15]
2023-11-09 20:14:26,097 [FATAL] Updater:308 - Updater called before beeing initialized
2023-11-09 20:14:26,202 [FATAL] Updater:308 - Updater called before beeing initialized
2023-11-09 20:14:26,214 [INFO] DbMcusAds:53 - JSON generation date=Tue Mar 07 09:50:55 CET 2023 (1678179055335)
2023-11-09 20:14:26,214 [FATAL] Updater:308 - Updater called before beeing initialized
2023-11-09 20:14:26,296 [WARN] DetailPanel:346 - Failed to get advertising image, set to default
2023-11-09 20:14:26,390 [FATAL] Updater:308 - Updater called before beeing initialized
2023-11-09 20:14:26,393 [FATAL] Updater:308 - Updater called before beeing initialized
2023-11-09 20:14:26,393 [FATAL] Updater:308 - Updater called before beeing initialized
2023-11-09 20:14:26,393 [WARN] DetailPanel:346 - Failed to get advertising image, set to default
2023-11-09 20:14:26,394 [FATAL] Updater:308 - Updater called before beeing initialized
2023-11-09 20:14:26,460 [ERROR] Updater:1120 - MainUpdater not yet initialized. External WinMGr cannot be set.
2023-11-09 20:14:26,470 [INFO] Updater:1056 - Updater Version found : 6.9.2
2023-11-09 20:14:26,495 [INFO] ApplicationProperties:184 - Using Application install path: C:\ST\STM32CubeIDE_1.13.2\STM32CubeIDE\plugins\com.st.stm32cube.common.mx_6.9.2.202309101412
2023-11-09 20:14:26,668 [INFO] MainUpdater:2868 - connection check result : 10
2023-11-09 20:14:26,669 [INFO] MainUpdater:285 - Updater Check For Update Now.
2023-11-09 20:14:26,669 [INFO] MicroXplorer:498 - Change Database Version : DB.6.0.92
2023-11-09 20:14:26,699 [INFO] McuFinderGlobals:63 - Set McuFinder mode to 2 (CubeIDE integrated)
2023-11-09 20:14:26,945 [INFO] CheckServerUpdateThread:120 - End of CheckServer Thread
2023-11-09 20:14:29,283 [WARN] PackLoader:240 - Cannot read IP mode file for STMicroelectronics.X-CUBE-SMBUS.2.1.0
2023-11-09 20:14:29,340 [WARN] PackLoader:240 - Cannot read IP mode file for STMicroelectronics.X-CUBE-AZRTOS-F7.1.1.0
2023-11-09 20:14:29,365 [WARN] PackLoader:240 - Cannot read IP mode file for STMicroelectronics.FP-SNS-MOTENV1.4.3.2
2023-11-09 20:14:29,382 [WARN] PackLoader:240 - Cannot read IP mode file for STMicroelectronics.FP-SNS-FLIGHT1.5.0.2
2023-11-09 20:14:29,402 [WARN] PackLoader:240 - Cannot read IP mode file for STMicroelectronics.X-CUBE-DISPLAY.3.0.0
2023-11-09 20:14:29,449 [WARN] PackLoader:240 - Cannot read IP mode file for STMicroelectronics.X-CUBE-BLE1.7.0.0
2023-11-09 20:14:29,471 [WARN] PackLoader:240 - Cannot read IP mode file for emotas.I-CUBE-CANOPEN.1.3.0
2023-11-09 20:14:29,494 [WARN] PackLoader:240 - Cannot read IP mode file for STMicroelectronics.X-CUBE-TOUCHGFX.4.22.1
2023-11-09 20:14:29,507 [WARN] PackLoader:240 - Cannot read IP mode file for STMicroelectronics.FP-SNS-SMARTAG2.1.2.0
2023-11-09 20:14:29,537 [INFO] LogOutputStream:77 - [STDOUT_REDIRECT] 1 : Invalid condition id : UX_CORESTACK_Condition cause : null
2023-11-09 20:14:29,539 [INFO] LogOutputStream:77 - [STDOUT_REDIRECT] 1 : Invalid condition id : UX_CORESTACK_Condition cause : null
2023-11-09 20:14:29,541 [INFO] LogOutputStream:77 - [STDOUT_REDIRECT] 1 : Invalid condition id : UX_CORESTACK_Condition cause : null
2023-11-09 20:14:29,543 [INFO] LogOutputStream:77 - [STDOUT_REDIRECT] 1 : Invalid condition id : UX_CORESTACK_Condition cause : null
2023-11-09 20:14:29,544 [INFO] LogOutputStream:77 - [STDOUT_REDIRECT] 1 : Invalid condition id : UX_CORESTACK_Condition cause : null
2023-11-09 20:14:29,550 [WARN] PackLoader:240 - Cannot read IP mode file for STMicroelectronics.X-CUBE-AZRTOS-WL.2.0.0
2023-11-09 20:14:29,569 [WARN] PackLoader:240 - Cannot read IP mode file for WES.I-CUBE-Cesium.1.3.0
2023-11-09 20:14:29,585 [WARN] PackLoader:240 - Cannot read IP mode file for STMicroelectronics.X-CUBE-BLE2.3.3.0
2023-11-09 20:14:29,611 [WARN] PackLoader:240 - Cannot read IP mode file for STMicroelectronics.X-CUBE-ALGOBUILD.1.3.0
2023-11-09 20:14:29,646 [WARN] PackLoader:240 - Cannot read IP mode file for STMicroelectronics.X-CUBE-AZRTOS-G0.1.1.0
2023-11-09 20:14:29,667 [WARN] PackLoader:240 - Cannot read IP mode file for STMicroelectronics.X-CUBE-NFC4.3.0.0
2023-11-09 20:14:29,685 [WARN] PackLoader:240 - Cannot read IP mode file for STMicroelectronics.X-CUBE-BLEMGR.3.0.0
2023-11-09 20:14:29,706 [WARN] PackLoader:240 - Cannot read IP mode file for STMicroelectronics.FP-ATR-SIGFOX1.3.2.0
2023-11-09 20:14:29,724 [WARN] PackLoader:240 - Cannot read IP mode file for STMicroelectronics.X-CUBE-GNSS1.6.0.0
2023-11-09 20:14:29,774 [WARN] PackLoader:240 - Cannot read IP mode file for STMicroelectronics.X-CUBE-AZRTOS-F4.1.1.0
2023-11-09 20:14:29,813 [WARN] PackLoader:240 - Cannot read IP mode file for wolfSSL.I-CUBE-wolfSSL.5.6.4
2023-11-09 20:14:29,866 [WARN] PackLoader:240 - Cannot read IP mode file for STMicroelectronics.X-CUBE-AZRTOS-L5.2.0.0
2023-11-09 20:14:29,894 [WARN] PackLoader:240 - Cannot read IP mode file for STMicroelectronics.X-CUBE-EEPRMA1.4.2.0
2023-11-09 20:14:29,917 [WARN] PackLoader:240 - Cannot read IP mode file for ITTIA_DB.I-CUBE-ITTIADB.8.8.0
2023-11-09 20:14:29,969 [WARN] ConditionMgr:438 - getConditionDescription Invalid condition id : UX DEVICE CLASS RTOS Condition cause : null
2023-11-09 20:14:29,969 [WARN] ConditionMgr:438 - getConditionDescription Invalid condition id : UX DEVICE CLASS RTOS Condition cause : null
2023-11-09 20:14:29,975 [WARN] PackLoader:240 - Cannot read IP mode file for STMicroelectronics.X-CUBE-AZRTOS-H7.3.1.0
2023-11-09 20:14:29,977 [WARN] ConditionMgr:1039 - genDependencies : Invalid condition id : UX DEVICE CLASS RTOS Condition cause : null
2023-11-09 20:14:29,978 [WARN] ConditionMgr:1039 - genDependencies : Invalid condition id : UX DEVICE CLASS RTOS Condition cause : null
2023-11-09 20:14:29,980 [WARN] ConditionMgr:1039 - genDependencies : Invalid condition id : UX DEVICE CLASS RTOS Condition cause : null
2023-11-09 20:14:29,981 [WARN] ConditionMgr:1039 - genDependencies : Invalid condition id : UX DEVICE CLASS RTOS Condition cause : null
2023-11-09 20:14:29,982 [WARN] ConditionMgr:1039 - genDependencies : Invalid condition id : UX DEVICE CLASS RTOS Condition cause : null
2023-11-09 20:14:30,090 [WARN] PackLoader:240 - Cannot read IP mode file for STMicroelectronics.X-CUBE-NFC7.1.0.1
2023-11-09 20:14:30,141 [WARN] PackLoader:240 - Cannot read IP mode file for STMicroelectronics.X-CUBE-NFC6.3.0.0
2023-11-09 20:14:30,165 [WARN] PackLoader:240 - Cannot read IP mode file for STMicroelectronics.X-CUBE-AI.8.1.0
2023-11-09 20:14:30,211 [WARN] ConditionMgr:438 - getConditionDescription Invalid condition id : LAN8742 Phy interface Condition cause : null
2023-11-09 20:14:30,211 [WARN] PackLoader:240 - Cannot read IP mode file for STMicroelectronics.X-CUBE-AZRTOS-L4.2.0.0
2023-11-09 20:14:30,212 [WARN] ConditionMgr:1039 - genDependencies : Invalid condition id : LAN8742 Phy interface Condition cause : null
2023-11-09 20:14:30,213 [WARN] ConditionMgr:1039 - genDependencies : Invalid condition id : LAN8742 Phy interface Condition cause : null
2023-11-09 20:14:30,213 [WARN] ConditionMgr:1039 - genDependencies : Invalid condition id : LAN8742 Phy interface Condition cause : null
2023-11-09 20:14:30,229 [WARN] PackLoader:240 - Cannot read IP mode file for STMicroelectronics.X-CUBE-SFXS2LP1.4.0.0
2023-11-09 20:14:30,246 [WARN] PackLoader:240 - Cannot read IP mode file for STMicroelectronics.X-CUBE-ISPU.1.1.0
2023-11-09 20:14:30,274 [WARN] ConditionMgr:438 - getConditionDescription Invalid condition id : UX DEVICE CLASS RTOS Condition cause : null
2023-11-09 20:14:30,275 [WARN] ConditionMgr:438 - getConditionDescription Invalid condition id : UX DEVICE CLASS RTOS Condition cause : null
2023-11-09 20:14:30,276 [WARN] PackLoader:240 - Cannot read IP mode file for STMicroelectronics.X-CUBE-AZRTOS-WB.2.0.0
2023-11-09 20:14:30,276 [WARN] ConditionMgr:1039 - genDependencies : Invalid condition id : UX DEVICE CLASS RTOS Condition cause : null
2023-11-09 20:14:30,277 [WARN] ConditionMgr:1039 - genDependencies : Invalid condition id : UX DEVICE CLASS RTOS Condition cause : null
2023-11-09 20:14:30,277 [WARN] ConditionMgr:1039 - genDependencies : Invalid condition id : UX DEVICE CLASS RTOS Condition cause : null
2023-11-09 20:14:30,278 [WARN] ConditionMgr:1039 - genDependencies : Invalid condition id : UX DEVICE CLASS RTOS Condition cause : null
2023-11-09 20:14:30,278 [WARN] ConditionMgr:1039 - genDependencies : Invalid condition id : UX DEVICE CLASS RTOS Condition cause : null
2023-11-09 20:14:30,303 [WARN] PackLoader:240 - Cannot read IP mode file for STMicroelectronics.X-CUBE-SUBG2.5.0.0
2023-11-09 20:14:30,329 [WARN] PackLoader:240 - Cannot read IP mode file for STMicroelectronics.X-CUBE-TOF1.3.3.1
2023-11-09 20:14:30,360 [WARN] PackLoader:240 - Cannot read IP mode file for STMicroelectronics.X-CUBE-AZRTOS-G4.2.0.0
2023-11-09 20:14:30,392 [WARN] PackLoader:240 - Cannot read IP mode file for Infineon.AIROC-Wi-Fi-Bluetooth-STM32.1.5.1
2023-11-09 20:14:30,447 [WARN] PackLoader:240 - Cannot read IP mode file for STMicroelectronics.X-CUBE-MEMS1.10.0.0
2023-11-09 20:14:30,575 [WARN] PackLoader:240 - Cannot read IP mode file for STMicroelectronics.X-CUBE-FREERTOS.1.1.0
2023-11-09 20:14:30,594 [WARN] PackLoader:240 - Cannot read IP mode file for portGmbH.I-Cube-SoM-uGOAL.1.1.0
2023-11-09 20:14:30,605 [WARN] PackLoader:240 - Cannot read IP mode file for STMicroelectronics.X-CUBE-ALS.1.0.1
2023-11-09 20:14:30,621 [WARN] PackLoader:240 - Cannot read IP mode file for STMicroelectronics.FP-ATR-ASTRA1.2.0.0
2023-11-09 20:14:30,623 [INFO] ThirdParty:978 - Integrity check success = true
2023-11-09 20:14:30,623 [INFO] IntegrityCheckThread:100 - exiting critical section [integrity check]
2023-11-09 20:14:30,623 [INFO] IntegrityCheckThread:103 - End integrity checks thread
2023-11-09 20:14:46,418 [INFO] McuFinderGlobals:63 - Set McuFinder mode to 2 (CubeIDE integrated)
2023-11-09 20:14:46,452 [INFO] MainUpdater:2868 - connection check result : 10
2023-11-09 20:14:46,461 [INFO] MainUpdater:2868 - connection check result : 10
2023-11-09 20:14:46,682 [INFO] MicroXplorer:468 - Change Database Path : 
2023-11-09 20:14:46,683 [INFO] MicroXplorer:498 - Change Database Version : DB.6.0.92
2023-11-09 20:14:46,690 [WARN] ThirdParty:871 - waiting for thirdparty lock release [close project]
2023-11-09 20:14:46,690 [INFO] ThirdParty:873 - entering critical section [close project]
2023-11-09 20:14:46,691 [INFO] ThirdParty:883 - exiting critical section [close project]
2023-11-09 20:14:46,693 [INFO] PinOutPanel:1499 - setPackage(No Configuration,No Configuration)
2023-11-09 20:14:46,698 [INFO] UtilMem:75 - Begin LoadConfig() Used Memory: 190792016 Bytes (268435456)
2023-11-09 20:14:46,700 [INFO] MicroXplorer:468 - Change Database Path : 
2023-11-09 20:14:46,700 [INFO] MicroXplorer:498 - Change Database Version : DB.6.0.92
2023-11-09 20:14:46,700 [INFO] OpenFileManager:308 - Change cursor
2023-11-09 20:14:46,739 [INFO] Mcu:1946 - Initializing MCU STM32F429ZITx STM32F429ZITx STM32F429ZIT6
2023-11-09 20:14:48,580 [ERROR] LogOutputStream:75 - [STDERR_REDIRECT] SLF4J: Failed to load class "org.slf4j.impl.StaticLoggerBinder".
2023-11-09 20:14:48,580 [ERROR] LogOutputStream:75 - [STDERR_REDIRECT] SLF4J: Defaulting to no-operation (NOP) logger implementation
2023-11-09 20:14:48,581 [ERROR] LogOutputStream:75 - [STDERR_REDIRECT] SLF4J: See http://www.slf4j.org/codes.html#StaticLoggerBinder for further details.
2023-11-09 20:14:50,347 [INFO] Context:659 - Trying to add GPIOservice into a context  which must be forbidden
2023-11-09 20:14:51,299 [INFO] RtosManager:555 - Registered RTOS mode: class=CMSIS, group=RTOS, mode=CMSIS_V1, owner=FREERTOS
2023-11-09 20:14:51,299 [INFO] RtosManager:555 - Registered RTOS mode: class=CMSIS, group=RTOS2, mode=CMSIS_V2, owner=FREERTOS
2023-11-09 20:14:51,299 [INFO] RtosManager:555 - Registered RTOS mode: class=RTOS, group=Core, mode=CMSIS_V1, owner=FREERTOS
2023-11-09 20:14:51,299 [INFO] RtosManager:555 - Registered RTOS mode: class=RTOS, group=Core, mode=CMSIS_V2, owner=FREERTOS
2023-11-09 20:14:51,300 [WARN] ModelIntegratedComponent:184 - Missing modes for component STMicroelectronics:FreeRTOS:0.0.1:STMicroelectronics:RTOS:FreeRTOS:Core:::10.2.0:
2023-11-09 20:14:51,331 [WARN] ModelIntegratedComponent:63 - No mode defined for component null
2023-11-09 20:14:51,331 [WARN] ModelIntegratedComponent:63 - No mode defined for component null
2023-11-09 20:14:51,331 [WARN] ModelIntegratedComponent:63 - No mode defined for component null
2023-11-09 20:14:51,332 [WARN] ModelIntegratedComponent:63 - No mode defined for component null
2023-11-09 20:14:51,332 [WARN] ModelIntegratedComponent:63 - No mode defined for component null
2023-11-09 20:14:51,332 [WARN] ModelIntegratedComponent:63 - No mode defined for component null
2023-11-09 20:14:51,332 [WARN] ModelIntegratedComponent:63 - No mode defined for component null
2023-11-09 20:14:51,332 [WARN] ModelIntegratedComponent:63 - No mode defined for component null
2023-11-09 20:14:51,332 [WARN] ModelIntegratedComponent:63 - No mode defined for component null
2023-11-09 20:14:51,332 [WARN] ModelIntegratedComponent:63 - No mode defined for component null
2023-11-09 20:14:51,332 [WARN] ModelIntegratedComponent:63 - No mode defined for component null
2023-11-09 20:14:51,332 [WARN] ModelIntegratedComponent:63 - No mode defined for component null
2023-11-09 20:14:51,332 [WARN] ModelIntegratedComponent:63 - No mode defined for component null
2023-11-09 20:14:51,332 [WARN] ModelIntegratedComponent:63 - No mode defined for component null
2023-11-09 20:14:51,332 [WARN] ModelIntegratedComponent:63 - No mode defined for component null
2023-11-09 20:14:51,332 [WARN] ModelIntegratedComponent:63 - No mode defined for component null
2023-11-09 20:14:51,332 [WARN] ModelIntegratedComponent:63 - No mode defined for component null
2023-11-09 20:14:51,332 [WARN] ModelIntegratedComponent:63 - No mode defined for component null
2023-11-09 20:14:51,332 [WARN] ModelIntegratedComponent:63 - No mode defined for component null
2023-11-09 20:14:51,332 [WARN] ModelIntegratedComponent:63 - No mode defined for component null
2023-11-09 20:14:51,332 [WARN] ModelIntegratedComponent:63 - No mode defined for component null
2023-11-09 20:14:51,332 [WARN] ModelIntegratedComponent:63 - No mode defined for component null
2023-11-09 20:14:51,332 [WARN] ModelIntegratedComponent:63 - No mode defined for component null
2023-11-09 20:14:51,333 [WARN] ModelIntegratedComponent:63 - No mode defined for component null
2023-11-09 20:14:51,333 [WARN] ModelIntegratedComponent:63 - No mode defined for component null
2023-11-09 20:14:51,333 [WARN] ModelIntegratedComponent:63 - No mode defined for component null
2023-11-09 20:14:51,333 [WARN] ModelIntegratedComponent:63 - No mode defined for component null
2023-11-09 20:14:51,333 [WARN] ModelIntegratedComponent:63 - No mode defined for component null
2023-11-09 20:14:51,333 [WARN] ModelIntegratedComponent:63 - No mode defined for component null
2023-11-09 20:14:51,333 [WARN] ModelIntegratedComponent:63 - No mode defined for component null
2023-11-09 20:14:51,333 [WARN] ModelIntegratedComponent:63 - No mode defined for component null
2023-11-09 20:14:51,333 [WARN] ModelIntegratedComponent:63 - No mode defined for component null
2023-11-09 20:14:51,333 [WARN] ModelIntegratedComponent:63 - No mode defined for component null
2023-11-09 20:14:51,523 [INFO] ThirdPartyModel:298 - Start build external matchings
2023-11-09 20:14:51,997 [INFO] ThirdPartyModel:316 - End build external matchings
2023-11-09 20:14:52,013 [INFO] ImportTextPane:194 - (OptionalMessage_ERROR) IP (ETH) : Invalid parameter (PHY_Name)
2023-11-09 20:14:52,014 [INFO] ImportTextPane:194 - (OptionalMessage_ERROR) IP (ETH) : Invalid parameter (PHY_Value)
2023-11-09 20:14:52,014 [INFO] ImportTextPane:194 - (OptionalMessage_ERROR) IP (ETH) : Invalid parameter (PhyAddress)
2023-11-09 20:14:52,015 [INFO] ImportTextPane:194 - (OptionalMessage_ERROR) IP (RCC) : Invalid parameter (ADC12outputFreq_Value)
2023-11-09 20:14:52,015 [INFO] ImportTextPane:194 - (OptionalMessage_ERROR) IP (RCC) : Invalid parameter (ADC34outputFreq_Value)
2023-11-09 20:14:52,016 [INFO] ImportTextPane:194 - (OptionalMessage_ERROR) IP (RCC) : Invalid parameter (FamilyName)
2023-11-09 20:14:52,016 [INFO] ImportTextPane:194 - (OptionalMessage_ERROR) IP (RCC) : Invalid parameter (I2C1Freq_Value)
2023-11-09 20:14:52,016 [INFO] ImportTextPane:194 - (OptionalMessage_ERROR) IP (RCC) : Invalid parameter (I2C2Freq_Value)
2023-11-09 20:14:52,016 [INFO] ImportTextPane:194 - (OptionalMessage_ERROR) IP (RCC) : Invalid parameter (I2C3Freq_Value)
2023-11-09 20:14:52,016 [INFO] ImportTextPane:194 - (OptionalMessage_ERROR) IP (RCC) : Parameter (MCO2PinFreq_Value) has invalid value (168000000)
2023-11-09 20:14:52,016 [INFO] ImportTextPane:194 - (OptionalMessage_ERROR) IP (RCC) : Invalid parameter (MCOFreq_Value)
2023-11-09 20:14:52,016 [INFO] ImportTextPane:194 - (OptionalMessage_ERROR) IP (RCC) : Invalid parameter (PLLMCOFreq_Value)
2023-11-09 20:14:52,016 [INFO] ImportTextPane:194 - (OptionalMessage_ERROR) IP (RCC) : Invalid parameter (PLLMUL)
2023-11-09 20:14:52,016 [INFO] ImportTextPane:194 - (OptionalMessage_ERROR) IP (RCC) : Invalid parameter (PRESCALERUSB)
2023-11-09 20:14:52,017 [INFO] ImportTextPane:194 - (OptionalMessage_ERROR) IP (RCC) : Parameter (RTCHSEDivFreq_Value) has invalid value (4000000)
2023-11-09 20:14:52,017 [INFO] ImportTextPane:194 - (OptionalMessage_ERROR) IP (RCC) : Invalid parameter (SYSCLKSourceVirtual)
2023-11-09 20:14:52,017 [INFO] ImportTextPane:194 - (OptionalMessage_ERROR) IP (RCC) : Invalid parameter (TIM15Freq_Value)
2023-11-09 20:14:52,017 [INFO] ImportTextPane:194 - (OptionalMessage_ERROR) IP (RCC) : Invalid parameter (TIM16Freq_Value)
2023-11-09 20:14:52,017 [INFO] ImportTextPane:194 - (OptionalMessage_ERROR) IP (RCC) : Invalid parameter (TIM17Freq_Value)
2023-11-09 20:14:52,017 [INFO] ImportTextPane:194 - (OptionalMessage_ERROR) IP (RCC) : Invalid parameter (TIM1Freq_Value)
2023-11-09 20:14:52,017 [INFO] ImportTextPane:194 - (OptionalMessage_ERROR) IP (RCC) : Invalid parameter (TIM20Freq_Value)
2023-11-09 20:14:52,017 [INFO] ImportTextPane:194 - (OptionalMessage_ERROR) IP (RCC) : Invalid parameter (TIM2Freq_Value)
2023-11-09 20:14:52,017 [INFO] ImportTextPane:194 - (OptionalMessage_ERROR) IP (RCC) : Invalid parameter (TIM3Freq_Value)
2023-11-09 20:14:52,017 [INFO] ImportTextPane:194 - (OptionalMessage_ERROR) IP (RCC) : Invalid parameter (TIM8Freq_Value)
2023-11-09 20:14:52,017 [INFO] ImportTextPane:194 - (OptionalMessage_ERROR) IP (RCC) : Invalid parameter (UART4Freq_Value)
2023-11-09 20:14:52,017 [INFO] ImportTextPane:194 - (OptionalMessage_ERROR) IP (RCC) : Invalid parameter (UART5Freq_Value)
2023-11-09 20:14:52,017 [INFO] ImportTextPane:194 - (OptionalMessage_ERROR) IP (RCC) : Invalid parameter (USART1Freq_Value)
2023-11-09 20:14:52,017 [INFO] ImportTextPane:194 - (OptionalMessage_ERROR) IP (RCC) : Invalid parameter (USART2Freq_Value)
2023-11-09 20:14:52,017 [INFO] ImportTextPane:194 - (OptionalMessage_ERROR) IP (RCC) : Invalid parameter (USART3Freq_Value)
2023-11-09 20:14:52,017 [INFO] ImportTextPane:194 - (OptionalMessage_ERROR) IP (RCC) : Invalid parameter (USBFreq_Value)
2023-11-09 20:14:52,018 [INFO] ImportTextPane:194 - (OptionalMessage_ERROR) IP (RCC) : Invalid parameter (VCOOutput2Freq_Value)
2023-11-09 20:14:52,832 [INFO] UtilMem:75 - End LoadConfig() Used Memory: 338994536 Bytes (549453824)
2023-11-09 20:14:53,031 [INFO] ApiDb:581 - Connected to CubeFinder SQLite database (C:\Users\Jakub\.stmcufinder\plugins\mcufinder\mcu\cube-finder-db.db)
2023-11-09 20:14:53,116 [INFO] ApiDb:668 - CubeFinder database Data Model version=2.1
2023-11-09 20:14:53,116 [INFO] ApiDb:669 - CubeFinder database Configuration version=3.0.37
2023-11-09 20:14:53,116 [INFO] ApiDb:670 - CubeFinder database generation date=2023-10-13 (1697197505)
2023-11-09 20:14:53,116 [INFO] ApiDb:671 - CubeFinder database FW Pack versions=[FP-ATR-ASTRA1_V2.0.0, FP-SNS-FLIGHT1_V5.0.1, FP-SNS-FLIGHT1_V5.0.2, FP-SNS-MOTENV1_V4.3.1, FP-SNS-MOTENV1_V4.3.2, FP-SNS-SMARTAG2_V1.2.0, I-CUBE-ITTIADB_V8.6.3-1, STM32Cube_FW_C0_V1.1.0, STM32Cube_FW_F4_V1.27.1, STM32Cube_FW_F7_V1.17.0, STM32Cube_FW_G0_V1.6.1, STM32Cube_FW_G4_V1.5.1, STM32Cube_FW_H5_V0.5.1, STM32Cube_FW_H5_V1.1.1, STM32Cube_FW_H7_V1.11.0, STM32Cube_FW_L0_V1.12.2, STM32Cube_FW_L5_V1.5.0, STM32Cube_FW_U5_V1.3.0, STM32Cube_FW_U5_V1.3.0RC4, STM32Cube_FW_WBA_V1.0.0RC1, STM32Cube_FW_WBA_V1.1.0RC1, STM32Cube_FW_WBA_V1.1.1, STM32Cube_FW_WB_V1.15.0RC1, STM32Cube_FW_WB_V1.16.0, STM32Cube_FW_WB_V1.16.0RC2, STM32Cube_FW_WB_V1.17.3, STM32Cube_FW_WL_V1.3.0, X-CUBE-ALGOBUILD_V1.3.0, X-CUBE-ALS_V1.0.1, X-CUBE-AZRTOS-F4_V1.1.0, X-CUBE-AZRTOS-F7_V1.1.0, X-CUBE-AZRTOS-G0_V1.1.0, X-CUBE-AZRTOS-G4_V2.0.0, X-CUBE-AZRTOS-H7_V3.1.0, X-CUBE-AZRTOS-L4_V1.0.0, X-CUBE-AZRTOS-L4_V2.0.0, X-CUBE-AZRTOS-L5_V1.1.0, X-CUBE-AZRTOS-WB_V2.0.0, X-CUBE-AZRTOS-WL_V2.0.0, X-CUBE-BLE1_V7.0.0, X-CUBE-BLE2_V3.3.0, X-CUBE-BLEMGR_V2.0.0, X-CUBE-EEPRMA1_V4.1.0, X-CUBE-FREERTOS_V1.1.0, X-CUBE-GNSS1_V6.0.0, X-CUBE-MEMS1_V10.0.0, X-CUBE-MEMS1_V9.1.0, X-CUBE-MEMS1_V9.4.0, X-CUBE-MEMS1_V9.6.0, X-CUBE-NFC4_V3.0.0, X-CUBE-NFC7_V1.0.1, X-CUBE-SFXS2LP1_V4.0.0, X-CUBE-SUBG2_V5.0.0, X-CUBE-TOF1_V3.3.1]
2023-11-09 20:14:55,729 [INFO] ApiDb:240 - Found 323 in-development CPN: [B-G473E-ZEST1S, B-WB1M-WPAN1, B-WL5M-SUBG1, NUCLEO-C031C6, NUCLEO-H503RB, NUCLEO-H563ZI, NUCLEO-U545RE-Q, NUCLEO-U5A5ZJ-Q, NUCLEO-WBA52CG, STEVAL-PROTEUS1, STEVAL-SMARTAG2, STEVAL-STWINBX1, STM320518-EVAL, STM32C0116-DK, STM32C011D6Y3TR, STM32C011D6Y6TR, STM32C011F4P3, STM32C011F4P6, STM32C011F4U3, STM32C011F4U6TR, STM32C011F6P3, STM32C011F6P6, STM32C011F6U3, STM32C011F6U6TR, STM32C011J4M3, STM32C011J4M6, STM32C011J6M3, STM32C011J6M6, STM32C0316-DK, STM32C031C4T3, STM32C031C4T6, STM32C031C4U3, STM32C031C4U6, STM32C031C6T3, STM32C031C6T6, STM32C031C6U3, STM32C031C6U6, STM32C031F4P3, STM32C031F4P6, STM32C031F6P3, STM32C031F6P6, STM32C031G4U3, STM32C031G4U6, STM32C031G6U3, STM32C031G6U6, STM32C031K4T3, STM32C031K4T6, STM32C031K4U3, STM32C031K4U6, STM32C031K6T3, STM32C031K6T6, STM32C031K6U3, STM32C031K6U6, STM32G071K8TXN, STM32G071K8UXN, STM32G081GBU6N, STM32G081KBT6N, STM32G081KBUXN, STM32G0B1CCT6N, STM32G0B1KCT6, STM32G0B1NEY6TR, STM32G0B1RCT6N, STM32G0C1CCT6, STM32G0C1CCT6N, STM32G0C1CCU6N, STM32G0C1CET6N, STM32G0C1CEU6N, STM32G0C1KCT6, STM32G0C1NEY6TR, STM32G0C1RCI6N, STM32G0C1RCT6N, STM32G0C1REI6N, STM32G0C1RET6N, STM32G0C1VCI6, STM32G0C1VEI6, STM32G471CCT6, STM32G471CCU6, STM32G471CET3, STM32G471CET6, STM32G471CEU3, STM32G471CEU6, STM32G471MCT6, STM32G471MET3, STM32G471MET6, STM32G471MEY6TR, STM32G471QCT6, STM32G471QET3, STM32G471RCT6, STM32G471RET3, STM32G471RET6, STM32G471VCH6, STM32G471VCI6, STM32G471VCT6, STM32G471VEH3, STM32G471VEH6, STM32G471VEI3, STM32G471VEI6, STM32G471VET3, STM32G471VET6, STM32G474CCT6, STM32H503CBT6, STM32H503CBU6, STM32H503EBY6TR, STM32H503KBU6, STM32H503RBT6, STM32H562AGI6, STM32H562AII6, STM32H562IGK6, STM32H562IGT6, STM32H562IIK6, STM32H562IIT6, STM32H562RGT6, STM32H562RGV6, STM32H562RIT6, STM32H562RIV6, STM32H562VGT6, STM32H562VIT6, STM32H562ZGT6, STM32H562ZIT6, STM32H563AGI6, STM32H563AII3Q, STM32H563AII6, STM32H563IGK6, STM32H563IGT6, STM32H563IIK3Q, STM32H563IIK6, STM32H563IIT3Q, STM32H563IIT6, STM32H563MIY3QTR, STM32H563RGT6, STM32H563RGV6, STM32H563RIT6, STM32H563RIV6, STM32H563VGT6, STM32H563VIT3Q, STM32H563VIT6, STM32H563ZGT6, STM32H563ZIT3Q, STM32H563ZIT6, STM32H573AII3Q, STM32H573AII6, STM32H573I-DK, STM32H573IIK3Q, STM32H573IIK6, STM32H573IIT3Q, STM32H573IIT6, STM32H573MIY3QTR, STM32H573RIT6, STM32H573RIV6, STM32H573VIT3Q, STM32H573VIT6, STM32H573ZIT3Q, STM32H573ZIT6, STM32L4R5QGI6STR, STM32MP131AAE3, STM32MP131AAF3, STM32MP131AAG3, STM32MP131CAE3, STM32MP131CAF3, STM32MP131CAG3, STM32MP131DAE7, STM32MP131DAF7, STM32MP131DAG7, STM32MP131FAE7, STM32MP131FAF7, STM32MP131FAG7, STM32MP133AAE3, STM32MP133AAF3, STM32MP133AAG3, STM32MP133CAE3, STM32MP133CAF3, STM32MP133CAG3, STM32MP133DAE7, STM32MP133DAF7, STM32MP133DAG7, STM32MP133FAE7, STM32MP133FAF7, STM32MP133FAG7, STM32MP135AAE3, STM32MP135AAF3, STM32MP135AAG3, STM32MP135CAE3, STM32MP135CAF3, STM32MP135CAG3, STM32MP135DAE7, STM32MP135DAF7, STM32MP135DAG7, STM32MP135F-DK, STM32MP135FAE7, STM32MP135FAF7, STM32MP135FAF7T, STM32MP135FAF7U, STM32MP135FAG7, STM32U535CBT6, STM32U535CBT6Q, STM32U535CBU6, STM32U535CBU6Q, STM32U535CCT6, STM32U535CCT6Q, STM32U535CCU6, STM32U535CCU6Q, STM32U535CET6, STM32U535CET6Q, STM32U535CEU6, STM32U535CEU6Q, STM32U535JEY6QTR, STM32U535NCY6QTR, STM32U535NEY6QTR, STM32U535RBI6, STM32U535RBI6Q, STM32U535RBT6, STM32U535RBT6Q, STM32U535RCI6, STM32U535RCI6Q, STM32U535RCT6, STM32U535RCT6Q, STM32U535REI6, STM32U535REI6Q, STM32U535RET6, STM32U535RET6Q, STM32U535VCI6, STM32U535VCI6Q, STM32U535VCT6, STM32U535VCT6Q, STM32U535VEI6, STM32U535VEI6Q, STM32U535VET6, STM32U535VET6Q, STM32U545CET6, STM32U545CET6Q, STM32U545CEU6, STM32U545CEU6Q, STM32U545JEY6QTR, STM32U545NEY6QTR, STM32U545REI6, STM32U545REI6Q, STM32U545RET6, STM32U545RET6Q, STM32U545VEI6, STM32U545VEI6Q, STM32U545VET6, STM32U545VET6Q, STM32U595AIH6, STM32U595AIH6Q, STM32U595AJH6, STM32U595AJH6Q, STM32U595QII6, STM32U595QII6Q, STM32U595QJI6, STM32U595QJI6Q, STM32U595RIT6, STM32U595RIT6Q, STM32U595RJT6, STM32U595RJT6Q, STM32U595VIT6, STM32U595VIT6Q, STM32U595VJT6, STM32U595VJT6Q, STM32U595ZIT6, STM32U595ZIT6Q, STM32U595ZIY6QTR, STM32U595ZJT6, STM32U595ZJT6Q, STM32U595ZJY6QTR, STM32U599BJY6QTR, STM32U599NIH6Q, STM32U599NJH6Q, STM32U599VIT6Q, STM32U599VJT6, STM32U599VJT6Q, STM32U599ZIT6Q, STM32U599ZIY6QTR, STM32U599ZJT6Q, STM32U599ZJY6QTR, STM32U5A5AJH6, STM32U5A5AJH6Q, STM32U5A5QJI6, STM32U5A5QJI6Q, STM32U5A5RJT6, STM32U5A5RJT6Q, STM32U5A5VJT6, STM32U5A5VJT6Q, STM32U5A5ZJT6, STM32U5A5ZJT6Q, STM32U5A5ZJY6QTR, STM32U5A9BJY6QTR, STM32U5A9J-DK, STM32U5A9NJH6Q, STM32U5A9VJT6Q, STM32U5A9ZJT6Q, STM32U5A9ZJY6QTR, STM32U5F7VIT6, STM32U5F7VIT6Q, STM32U5F7VJT6, STM32U5F7VJT6Q, STM32U5F9BJY6QTR, STM32U5F9NJH6Q, STM32U5F9VIT6Q, STM32U5F9VJT6Q, STM32U5F9ZIJ6QTR, STM32U5F9ZIT6Q, STM32U5F9ZJJ6QTR, STM32U5F9ZJT6Q, STM32U5G7VJT6, STM32U5G7VJT6Q, STM32U5G9BJY6QTR, STM32U5G9J-DK1, STM32U5G9J-DK2, STM32U5G9NJH6Q, STM32U5G9VJT6Q, STM32U5G9ZJJ6QTR, STM32U5G9ZJT6Q, STM32WB1MMCH6, STM32WBA52CEU6, STM32WBA52CEU6T, STM32WBA52CGU6, STM32WBA52CGU6T, STM32WBA52KEU6, STM32WBA52KEU6T, STM32WBA52KGU6, STM32WBA52KGU6T, STM32WL5MOCH6, STM32WL5MOCH6TR]
2023-11-09 20:14:55,735 [INFO] DbMcus:217 - Found 3848 MCUs, 3848 are supported
2023-11-09 20:14:55,742 [INFO] ApiDb:423 - Load user favorites file C:\Users\Jakub/.stm32cubeide/favorites.mcus.txt: 0 item(s)
2023-11-09 20:14:55,750 [INFO] ApiDb:427 - User favorites MCUs=[]
2023-11-09 20:14:55,750 [INFO] DbMcus:223 - Set 0 / 0 favorites MCUs
2023-11-09 20:14:56,363 [WARN] ThirdParty:833 - waiting for thirdparty lock release [change project]
2023-11-09 20:14:56,364 [INFO] ThirdParty:835 - entering critical section [change project]
2023-11-09 20:14:56,364 [INFO] ThirdParty:1030 - CMSIS Pack Vendor :STMicroelectronics X-CUBE-ISPU 1.1.0
2023-11-09 20:14:56,364 [INFO] ThirdParty:1030 - CMSIS Pack Vendor :STMicroelectronics USBPD 4.1
2023-11-09 20:14:56,364 [INFO] ThirdParty:1030 - CMSIS Pack Vendor :STMicroelectronics X-CUBE-GNSS1 6.0.0
2023-11-09 20:14:56,364 [INFO] ThirdParty:1030 - CMSIS Pack Vendor :STMicroelectronics USB_HOST 2.0.0
2023-11-09 20:14:56,364 [INFO] ThirdParty:1030 - CMSIS Pack Vendor :STMicroelectronics X-CUBE-AZRTOS-F4 1.1.0
2023-11-09 20:14:56,364 [INFO] ThirdParty:1030 - CMSIS Pack Vendor :STMicroelectronics LIBJPEG 8.0.0
2023-11-09 20:14:56,364 [INFO] ThirdParty:1030 - CMSIS Pack Vendor :wolfSSL I-CUBE-wolfSSL 5.6.4
2023-11-09 20:14:56,364 [INFO] ThirdParty:1030 - CMSIS Pack Vendor :STMicroelectronics X-CUBE-SMBUS 2.1.0
2023-11-09 20:14:56,364 [INFO] ThirdParty:1030 - CMSIS Pack Vendor :STMicroelectronics USB_DEVICE 3.0.0
2023-11-09 20:14:56,364 [INFO] ThirdParty:1030 - CMSIS Pack Vendor :STMicroelectronics X-CUBE-AZRTOS-WB 2.0.0
2023-11-09 20:14:56,364 [INFO] ThirdParty:1030 - CMSIS Pack Vendor :STMicroelectronics X-CUBE-AZRTOS-F7 1.1.0
2023-11-09 20:14:56,364 [INFO] ThirdParty:1030 - CMSIS Pack Vendor :STMicroelectronics X-CUBE-AZRTOS-L5 2.0.0
2023-11-09 20:14:56,364 [INFO] ThirdParty:1030 - CMSIS Pack Vendor :STMicroelectronics USB_DEVICE 2.0.0
2023-11-09 20:14:56,364 [INFO] ThirdParty:1030 - CMSIS Pack Vendor :STMicroelectronics X-CUBE-EEPRMA1 4.2.0
2023-11-09 20:14:56,364 [INFO] ThirdParty:1030 - CMSIS Pack Vendor :ITTIA_DB I-CUBE-ITTIADB 8.8.0
2023-11-09 20:14:56,364 [INFO] ThirdParty:1030 - CMSIS Pack Vendor :STMicroelectronics FP-SNS-MOTENV1 4.3.2
2023-11-09 20:14:56,364 [INFO] ThirdParty:1030 - CMSIS Pack Vendor :STMicroelectronics X-CUBE-ALGOBUILD 1.3.0
2023-11-09 20:14:56,364 [INFO] ThirdParty:1030 - CMSIS Pack Vendor :STMicroelectronics FreeRTOS 0.0.1
2023-11-09 20:14:56,364 [INFO] ThirdParty:1030 - CMSIS Pack Vendor :STMicroelectronics X-CUBE-AZRTOS-G0 1.1.0
2023-11-09 20:14:56,364 [INFO] ThirdParty:1030 - CMSIS Pack Vendor :STMicroelectronics X-CUBE-NFC4 3.0.0
2023-11-09 20:14:56,365 [INFO] ThirdParty:1030 - CMSIS Pack Vendor :STMicroelectronics X-CUBE-SUBG2 5.0.0
2023-11-09 20:14:56,365 [INFO] ThirdParty:1030 - CMSIS Pack Vendor :STMicroelectronics STM32_WPAN 1.0.0
2023-11-09 20:14:56,365 [INFO] ThirdParty:1030 - CMSIS Pack Vendor :STMicroelectronics lwIP 2.0.3
2023-11-09 20:14:56,365 [INFO] ThirdParty:1030 - CMSIS Pack Vendor :STMicroelectronics FP-SNS-FLIGHT1 5.0.2
2023-11-09 20:14:56,365 [INFO] ThirdParty:1030 - CMSIS Pack Vendor :STMicroelectronics USB_HOST 1.0.0
2023-11-09 20:14:56,365 [INFO] ThirdParty:1030 - CMSIS Pack Vendor :STMicroelectronics X-CUBE-TOF1 3.3.1
2023-11-09 20:14:56,365 [INFO] ThirdParty:1030 - CMSIS Pack Vendor :STMicroelectronics X-CUBE-AZRTOS-G4 2.0.0
2023-11-09 20:14:56,365 [INFO] ThirdParty:1030 - CMSIS Pack Vendor :STMicroelectronics PDM2PCM 3.1.0
2023-11-09 20:14:56,365 [INFO] ThirdParty:1030 - CMSIS Pack Vendor :STMicroelectronics X-CUBE-AZRTOS-H7 3.1.0
2023-11-09 20:14:56,365 [INFO] ThirdParty:1030 - CMSIS Pack Vendor :Infineon AIROC-Wi-Fi-Bluetooth-STM32 1.5.1
2023-11-09 20:14:56,365 [INFO] ThirdParty:1030 - CMSIS Pack Vendor :STMicroelectronics X-CUBE-BLEMGR 3.0.0
2023-11-09 20:14:56,365 [INFO] ThirdParty:1030 - CMSIS Pack Vendor :STMicroelectronics PDM2PCM 3.3.0
2023-11-09 20:14:56,365 [INFO] ThirdParty:1030 - CMSIS Pack Vendor :STMicroelectronics X-CUBE-DISPLAY 3.0.0
2023-11-09 20:14:56,365 [INFO] ThirdParty:1030 - CMSIS Pack Vendor :STMicroelectronics X-CUBE-BLE1 7.0.0
2023-11-09 20:14:56,365 [INFO] ThirdParty:1030 - CMSIS Pack Vendor :STMicroelectronics FP-ATR-SIGFOX1 3.2.0
2023-11-09 20:14:56,365 [INFO] ThirdParty:1030 - CMSIS Pack Vendor :STMicroelectronics HAL Drivers 0.0.0
2023-11-09 20:14:56,365 [INFO] ThirdParty:1030 - CMSIS Pack Vendor :STMicroelectronics MBEDTLS 2.16.2
2023-11-09 20:14:56,365 [INFO] ThirdParty:1030 - CMSIS Pack Vendor :emotas I-CUBE-CANOPEN 1.3.0
2023-11-09 20:14:56,365 [INFO] ThirdParty:1030 - CMSIS Pack Vendor :STMicroelectronics X-CUBE-MEMS1 10.0.0
2023-11-09 20:14:56,365 [INFO] ThirdParty:1030 - CMSIS Pack Vendor :STMicroelectronics X-CUBE-FREERTOS 1.1.0
2023-11-09 20:14:56,365 [INFO] ThirdParty:1030 - CMSIS Pack Vendor :STMicroelectronics X-CUBE-NFC7 1.0.1
2023-11-09 20:14:56,365 [INFO] ThirdParty:1030 - CMSIS Pack Vendor :STMicroelectronics MBEDTLS 2.14.1
2023-11-09 20:14:56,365 [INFO] ThirdParty:1030 - CMSIS Pack Vendor :STMicroelectronics X-CUBE-TOUCHGFX 4.22.1
2023-11-09 20:14:56,365 [INFO] ThirdParty:1030 - CMSIS Pack Vendor :STMicroelectronics X-CUBE-NFC6 3.0.0
2023-11-09 20:14:56,365 [INFO] ThirdParty:1030 - CMSIS Pack Vendor :portGmbH I-Cube-SoM-uGOAL 1.1.0
2023-11-09 20:14:56,365 [INFO] ThirdParty:1030 - CMSIS Pack Vendor :STMicroelectronics X-CUBE-ALS 1.0.1
2023-11-09 20:14:56,365 [INFO] ThirdParty:1030 - CMSIS Pack Vendor :STMicroelectronics ThreadX 1.0.0
2023-11-09 20:14:56,365 [INFO] ThirdParty:1030 - CMSIS Pack Vendor :STMicroelectronics FP-SNS-SMARTAG2 1.2.0
2023-11-09 20:14:56,365 [INFO] ThirdParty:1030 - CMSIS Pack Vendor :STMicroelectronics X-CUBE-AZRTOS-WL 2.0.0
2023-11-09 20:14:56,365 [INFO] ThirdParty:1030 - CMSIS Pack Vendor :STMicroelectronics USB_DEVICE 1.0.0
2023-11-09 20:14:56,366 [INFO] ThirdParty:1030 - CMSIS Pack Vendor :STMicroelectronics X-CUBE-AI 8.1.0
2023-11-09 20:14:56,366 [INFO] ThirdParty:1030 - CMSIS Pack Vendor :STMicroelectronics X-CUBE-AZRTOS-L4 2.0.0
2023-11-09 20:14:56,366 [INFO] ThirdParty:1030 - CMSIS Pack Vendor :STMicroelectronics ThreadX 0.0.2
2023-11-09 20:14:56,366 [INFO] ThirdParty:1030 - CMSIS Pack Vendor :WES I-CUBE-Cesium 1.3.0
2023-11-09 20:14:56,366 [INFO] ThirdParty:1030 - CMSIS Pack Vendor :STMicroelectronics FP-ATR-ASTRA1 2.0.0
2023-11-09 20:14:56,366 [INFO] ThirdParty:1030 - CMSIS Pack Vendor :STMicroelectronics lwIP 2.1.2
2023-11-09 20:14:56,366 [INFO] ThirdParty:1030 - CMSIS Pack Vendor :STMicroelectronics X-CUBE-SFXS2LP1 4.0.0
2023-11-09 20:14:56,366 [INFO] ThirdParty:1030 - CMSIS Pack Vendor :STMicroelectronics X-CUBE-BLE2 3.3.0
2023-11-09 20:14:56,366 [INFO] ThirdParty:1030 - CMSIS Pack Vendor :STMicroelectronics PDM2PCM 3.2.0
2023-11-09 20:14:56,367 [INFO] ThirdParty:841 - exiting critical section [change project]
2023-11-09 20:14:57,780 [INFO] PinOutPanel:1499 - setPackage(No Configuration,No Configuration)
2023-11-09 20:14:57,783 [INFO] PinOutPanel:1499 - setPackage(STM32F429ZITx,LQFP144)
2023-11-09 20:14:59,200 [INFO] UtilMem:75 - Before build in PCC Used Memory: 342103680 Bytes (550502400)
2023-11-09 20:15:01,046 [INFO] UtilMem:75 - After build in PCC Used Memory: 496640432 Bytes (550502400)
2023-11-09 20:15:01,224 [INFO] IPUIPlugin:80 - create IPUIPlugin
2023-11-09 20:15:01,224 [INFO] IPUIPlugin:80 - create IPUIPlugin
2023-11-09 20:15:01,224 [INFO] IPUIPlugin:80 - create IPUIPlugin
2023-11-09 20:15:01,224 [INFO] IPUIPlugin:80 - create IPUIPlugin
2023-11-09 20:15:01,225 [INFO] IPUIPlugin:80 - create IPUIPlugin
2023-11-09 20:15:01,225 [INFO] IPUIPlugin:80 - create IPUIPlugin
2023-11-09 20:15:01,225 [INFO] IPUIPlugin:80 - create IPUIPlugin
2023-11-09 20:15:01,225 [INFO] IPUIPlugin:80 - create IPUIPlugin
2023-11-09 20:15:01,226 [INFO] IPUIPlugin:80 - create IPUIPlugin
2023-11-09 20:15:01,226 [INFO] IPUIPlugin:80 - create IPUIPlugin
2023-11-09 20:15:01,227 [INFO] IPUIPlugin:80 - create IPUIPlugin
2023-11-09 20:15:01,227 [INFO] IPUIPlugin:80 - create IPUIPlugin
2023-11-09 20:15:01,227 [INFO] IPUIPlugin:80 - create IPUIPlugin
2023-11-09 20:15:01,227 [INFO] IPUIPlugin:80 - create IPUIPlugin
2023-11-09 20:15:01,228 [INFO] IPUIPlugin:80 - create IPUIPlugin
2023-11-09 20:15:01,228 [INFO] IPUIPlugin:80 - create IPUIPlugin
2023-11-09 20:15:01,228 [INFO] IPUIPlugin:80 - create IPUIPlugin
2023-11-09 20:15:01,228 [INFO] IPUIPlugin:80 - create IPUIPlugin
2023-11-09 20:15:01,228 [INFO] IPUIPlugin:80 - create IPUIPlugin
2023-11-09 20:15:01,228 [INFO] IPUIPlugin:80 - create IPUIPlugin
2023-11-09 20:15:01,229 [INFO] IPUIPlugin:80 - create IPUIPlugin
2023-11-09 20:15:01,229 [INFO] IPUIPlugin:80 - create IPUIPlugin
2023-11-09 20:15:01,229 [INFO] IPUIPlugin:80 - create IPUIPlugin
2023-11-09 20:15:01,230 [INFO] IPUIPlugin:80 - create IPUIPlugin
2023-11-09 20:15:01,231 [INFO] IPUIPlugin:80 - create IPUIPlugin
2023-11-09 20:15:01,231 [INFO] IPUIPlugin:80 - create IPUIPlugin
2023-11-09 20:15:01,231 [INFO] IPUIPlugin:80 - create IPUIPlugin
2023-11-09 20:15:01,232 [INFO] IPUIPlugin:80 - create IPUIPlugin
2023-11-09 20:15:01,232 [INFO] IPUIPlugin:80 - create IPUIPlugin
2023-11-09 20:15:01,233 [INFO] IPUIPlugin:80 - create IPUIPlugin
2023-11-09 20:15:01,233 [INFO] IPUIPlugin:80 - create IPUIPlugin
2023-11-09 20:15:01,233 [INFO] IPUIPlugin:80 - create IPUIPlugin
2023-11-09 20:15:01,234 [INFO] IPUIPlugin:80 - create IPUIPlugin
2023-11-09 20:15:01,234 [INFO] IPUIPlugin:80 - create IPUIPlugin
2023-11-09 20:15:01,234 [INFO] IPUIPlugin:80 - create IPUIPlugin
2023-11-09 20:15:01,235 [INFO] IPUIPlugin:80 - create IPUIPlugin
2023-11-09 20:15:01,235 [INFO] IPUIPlugin:80 - create IPUIPlugin
2023-11-09 20:15:01,236 [INFO] IPUIPlugin:80 - create IPUIPlugin
2023-11-09 20:15:01,236 [INFO] IPUIPlugin:80 - create IPUIPlugin
2023-11-09 20:15:01,239 [INFO] IPUIPlugin:80 - create IPUIPlugin
2023-11-09 20:15:01,239 [INFO] IPUIPlugin:80 - create IPUIPlugin
2023-11-09 20:15:01,241 [INFO] IPUIPlugin:80 - create IPUIPlugin
2023-11-09 20:15:01,242 [INFO] IPUIPlugin:80 - create IPUIPlugin
2023-11-09 20:15:01,243 [INFO] IPUIPlugin:80 - create IPUIPlugin
2023-11-09 20:15:01,243 [INFO] IPUIPlugin:80 - create IPUIPlugin
2023-11-09 20:15:01,244 [INFO] IPUIPlugin:80 - create IPUIPlugin
2023-11-09 20:15:01,244 [INFO] IPUIPlugin:80 - create IPUIPlugin
2023-11-09 20:15:01,244 [INFO] IPUIPlugin:80 - create IPUIPlugin
2023-11-09 20:15:01,245 [INFO] IPUIPlugin:80 - create IPUIPlugin
2023-11-09 20:15:01,245 [INFO] IPUIPlugin:80 - create IPUIPlugin
2023-11-09 20:15:01,245 [INFO] IPUIPlugin:80 - create IPUIPlugin
2023-11-09 20:15:01,245 [INFO] IPUIPlugin:80 - create IPUIPlugin
2023-11-09 20:15:01,246 [INFO] IPUIPlugin:80 - create IPUIPlugin
2023-11-09 20:15:01,246 [INFO] IPUIPlugin:80 - create IPUIPlugin
2023-11-09 20:15:01,248 [INFO] IPUIPlugin:80 - create IPUIPlugin
2023-11-09 20:15:01,248 [INFO] IPUIPlugin:80 - create IPUIPlugin
2023-11-09 20:15:01,248 [INFO] IPUIPlugin:80 - create IPUIPlugin
2023-11-09 20:15:01,249 [INFO] IPUIPlugin:80 - create IPUIPlugin
2023-11-09 20:15:01,250 [INFO] IPUIPlugin:80 - create IPUIPlugin
2023-11-09 20:15:01,251 [INFO] IPUIPlugin:80 - create IPUIPlugin
2023-11-09 20:15:01,252 [INFO] IPUIPlugin:80 - create IPUIPlugin
2023-11-09 20:15:01,255 [INFO] IPUIPlugin:80 - create IPUIPlugin
2023-11-09 20:15:01,256 [INFO] IPUIPlugin:80 - create IPUIPlugin
2023-11-09 20:15:01,257 [INFO] IPUIPlugin:80 - create IPUIPlugin
2023-11-09 20:15:01,260 [INFO] IPUIPlugin:80 - create IPUIPlugin
2023-11-09 20:15:01,260 [INFO] IPUIPlugin:80 - create IPUIPlugin
2023-11-09 20:15:01,529 [INFO] ApiDbMcu:507 - Load IP Config File for PDM2PCM
2023-11-09 20:15:01,984 [INFO] CADModel:165 - CPN selected for project levelSTM32F429ZIT6
2023-11-09 20:15:01,984 [INFO] CADModel:114 - Register for checkConnection events
2023-11-09 20:15:02,071 [INFO] OpenFileManager:328 - Restore cursor
2023-11-09 20:16:27,409 [INFO] Gpio:273 - dependency for GPIO [ETH, RCC, SYS, USART3, USB_OTG_FS]
2023-11-09 20:23:29,252 [INFO] UtilMem:75 - End SaveConfig() Used Memory: 478814720 Bytes (1073741824)
2023-11-09 20:23:37,126 [INFO] UtilMem:75 - End SaveConfig() Used Memory: 512337840 Bytes (1073741824)
2023-11-09 20:23:45,290 [INFO] UtilMem:75 - End SaveConfig() Used Memory: 639215536 Bytes (1073741824)
2023-11-09 20:23:45,950 [INFO] BlockDiagram:2759 - set Specific Code input for plugin: SYS
2023-11-09 20:23:45,950 [INFO] BlockDiagram:2759 - set Specific Code input for plugin: RCC
2023-11-09 20:23:45,950 [INFO] BlockDiagram:2759 - set Specific Code input for plugin: USB_OTG_FS
2023-11-09 20:23:45,950 [INFO] BlockDiagram:2759 - set Specific Code input for plugin: NVIC
2023-11-09 20:23:45,950 [INFO] BlockDiagram:2759 - set Specific Code input for plugin: USART
2023-11-09 20:23:45,951 [INFO] BlockDiagram:2759 - set Specific Code input for plugin: GPIO
2023-11-09 20:23:45,951 [INFO] BlockDiagram:2759 - set Specific Code input for plugin: ETH
2023-11-09 20:23:45,952 [INFO] CodeGenerator:799 - code generatio: config db path: C:\ST\STM32CubeIDE_1.13.2\STM32CubeIDE\plugins\com.st.stm32cube.common.mx_6.9.2.202309101412\\db\
2023-11-09 20:23:46,352 [INFO] CodeEngine:255 - oldGeneratedFile, C:\projekty\STM32-SPI\STM32-SPI\MXTmpFiles\license.tmp_save
2023-11-09 20:23:46,810 [INFO] CodeEngine:279 - Generated code: C:\projekty\STM32-SPI\STM32-SPI\MXTmpFiles\license.tmp
2023-11-09 20:23:46,931 [INFO] CodeEngine:255 - oldGeneratedFile, C:\projekty\STM32-SPI\STM32-SPI\Core\Src\gpio.c_save
2023-11-09 20:23:47,181 [INFO] CodeEngine:279 - Generated code: C:\projekty\STM32-SPI\STM32-SPI\Core\Src\gpio.c
2023-11-09 20:23:47,194 [INFO] CodeEngine:255 - oldGeneratedFile, C:\projekty\STM32-SPI\STM32-SPI\Core\Inc\gpio.h_save
2023-11-09 20:23:47,334 [INFO] CodeEngine:279 - Generated code: C:\projekty\STM32-SPI\STM32-SPI\Core\Inc\gpio.h
2023-11-09 20:23:47,769 [WARN] IPConfigManager:2937 - Warning: the RefConfig PWREx_EnableUSBVoltageDetector is not available in your config.xml file
2023-11-09 20:23:47,819 [INFO] CodeEngine:255 - oldGeneratedFile, C:\projekty\STM32-SPI\STM32-SPI\Core\Src\eth.c_save
2023-11-09 20:23:48,066 [INFO] CodeEngine:279 - Generated code: C:\projekty\STM32-SPI\STM32-SPI\Core\Src\eth.c
2023-11-09 20:23:48,082 [INFO] CodeEngine:255 - oldGeneratedFile, C:\projekty\STM32-SPI\STM32-SPI\Core\Inc\eth.h_save
2023-11-09 20:23:48,222 [INFO] CodeEngine:279 - Generated code: C:\projekty\STM32-SPI\STM32-SPI\Core\Inc\eth.h
2023-11-09 20:23:48,234 [INFO] CodeEngine:255 - oldGeneratedFile, C:\projekty\STM32-SPI\STM32-SPI\Core\Src\usart.c_save
2023-11-09 20:23:48,402 [INFO] CodeEngine:279 - Generated code: C:\projekty\STM32-SPI\STM32-SPI\Core\Src\usart.c
2023-11-09 20:23:48,406 [INFO] CodeEngine:255 - oldGeneratedFile, C:\projekty\STM32-SPI\STM32-SPI\Core\Inc\usart.h_save
2023-11-09 20:23:48,503 [INFO] CodeEngine:279 - Generated code: C:\projekty\STM32-SPI\STM32-SPI\Core\Inc\usart.h
2023-11-09 20:23:48,514 [INFO] CodeEngine:255 - oldGeneratedFile, C:\projekty\STM32-SPI\STM32-SPI\Core\Src\usb_otg.c_save
2023-11-09 20:23:48,648 [INFO] CodeEngine:279 - Generated code: C:\projekty\STM32-SPI\STM32-SPI\Core\Src\usb_otg.c
2023-11-09 20:23:48,651 [INFO] CodeEngine:255 - oldGeneratedFile, C:\projekty\STM32-SPI\STM32-SPI\Core\Inc\usb_otg.h_save
2023-11-09 20:23:48,735 [INFO] CodeEngine:279 - Generated code: C:\projekty\STM32-SPI\STM32-SPI\Core\Inc\usb_otg.h
2023-11-09 20:23:48,774 [INFO] CodeEngine:255 - oldGeneratedFile, C:\projekty\STM32-SPI\STM32-SPI\Core\Src\stm32f4xx_it.c_save
2023-11-09 20:23:48,888 [INFO] CodeEngine:279 - Generated code: C:\projekty\STM32-SPI\STM32-SPI\Core\Src\stm32f4xx_it.c
2023-11-09 20:23:48,912 [INFO] CodeEngine:255 - oldGeneratedFile, C:\projekty\STM32-SPI\STM32-SPI\Core\Inc\stm32f4xx_it.h_save
2023-11-09 20:23:49,003 [INFO] CodeEngine:279 - Generated code: C:\projekty\STM32-SPI\STM32-SPI\Core\Inc\stm32f4xx_it.h
2023-11-09 20:23:49,036 [INFO] CodeEngine:255 - oldGeneratedFile, C:\projekty\STM32-SPI\STM32-SPI\Core\Src\stm32f4xx_hal_msp.c_save
2023-11-09 20:23:49,179 [INFO] CodeEngine:279 - Generated code: C:\projekty\STM32-SPI\STM32-SPI\Core\Src\stm32f4xx_hal_msp.c
2023-11-09 20:23:49,191 [INFO] CodeEngine:255 - oldGeneratedFile, C:\projekty\STM32-SPI\STM32-SPI\MXTmpFiles\system.tmp_save
2023-11-09 20:23:49,272 [INFO] CodeEngine:279 - Generated code: C:\projekty\STM32-SPI\STM32-SPI\MXTmpFiles\system.tmp
2023-11-09 20:23:49,306 [INFO] CodeEngine:311 - oldGeneratedFile, C:\projekty\STM32-SPI\STM32-SPI\Core\Inc\stm32f4xx_hal_conf.h_save
2023-11-09 20:23:49,425 [INFO] CodeEngine:335 - Generated code: C:\projekty\STM32-SPI\STM32-SPI\Core\Inc\stm32f4xx_hal_conf.h
2023-11-09 20:23:49,506 [INFO] CodeEngine:255 - oldGeneratedFile, C:\projekty\STM32-SPI\STM32-SPI\Core\Inc\main.h_save
2023-11-09 20:23:49,655 [INFO] CodeEngine:279 - Generated code: C:\projekty\STM32-SPI\STM32-SPI\Core\Inc\main.h
2023-11-09 20:23:49,685 [INFO] CodeEngine:255 - oldGeneratedFile, C:\projekty\STM32-SPI\STM32-SPI\Core\Src\main.c_save
2023-11-09 20:23:49,871 [INFO] CodeEngine:279 - Generated code: C:\projekty\STM32-SPI\STM32-SPI\Core\Src\main.c
2023-11-09 20:23:50,735 [INFO] ProjectBuilder:3064 - Time for Copy HAL[1] : 179mS.
2023-11-09 20:23:50,740 [INFO] ProjectBuilder:4404 - Project Generator version: 4.1.0
2023-11-09 20:23:50,974 [INFO] ConfigFileManager:1457 - The Die is : DIE419
2023-11-09 20:23:50,998 [INFO] ApiDbMcu:507 - Load IP Config File for FATFS
2023-11-09 20:23:51,012 [INFO] ApiDbMcu:507 - Load IP Config File for FREERTOS
2023-11-09 20:23:51,023 [INFO] ApiDbMcu:507 - Load IP Config File for LIBJPEG
2023-11-09 20:23:51,038 [INFO] ApiDbMcu:507 - Load IP Config File for LWIP
2023-11-09 20:23:51,056 [INFO] ApiDbMcu:507 - Load IP Config File for MBEDTLS
2023-11-09 20:23:51,080 [INFO] ApiDbMcu:507 - Load IP Config File for USB_DEVICE
2023-11-09 20:23:51,096 [INFO] ApiDbMcu:507 - Load IP Config File for USB_HOST
2023-11-09 20:23:52,464 [INFO] LogOutputStream:77 - [STDOUT_REDIRECT] 
2023-11-09 20:23:55,422 [INFO] ProjectBuilder:4626 - Time for Generating toolchain IDE Files: 4681mS.
2023-11-09 20:23:55,426 [INFO] ProjectBuilder:2935 - Time for Copy CMSIS : 1mS.
2023-11-09 20:23:55,431 [INFO] ProjectBuilder:2935 - Time for Copy CMSIS : 0mS.
